<?xml version="1.0" encoding="UTF-8"?>
<!-- Generated by org.testng.reporters.JUnitReportReporter -->
<testsuite hostname="sunny-PC" failures="0" tests="1" name="com.Vtiger.TC.TC003_CreateContactWithOrganisationTest" time="115.589" errors="0" timestamp="2021-12-13T14:50:39 IST" skipped="0">
  <testcase classname="com.Vtiger.TC.TC003_CreateContactWithOrganisationTest" name="createContactOnly" time="115.589"/>
  <system-out/>
</testsuite> <!-- com.Vtiger.TC.TC003_CreateContactWithOrganisationTest -->
