<?xml version="1.0" encoding="UTF-8"?>
<!-- Generated by org.testng.reporters.JUnitReportReporter -->
<testsuite hostname="sunny-PC" failures="0" tests="4" name="com.sdet3.practice.CalenderDataProviderObject" time="246.407" errors="0" timestamp="2021-12-21T16:18:22 IST" skipped="0">
  <testcase classname="com.sdet3.practice.CalenderDataProviderObject" name="CalwithDataProviderObject" time="49.243"/>
  <system-out/>
  <testcase classname="com.sdet3.practice.CalenderDataProviderObject" name="CalwithDataProviderObject" time="53.980"/>
  <system-out/>
  <testcase classname="com.sdet3.practice.CalenderDataProviderObject" name="CalwithDataProviderObject" time="74.749"/>
  <system-out/>
  <testcase classname="com.sdet3.practice.CalenderDataProviderObject" name="CalwithDataProviderObject" time="68.435"/>
  <system-out/>
</testsuite> <!-- com.sdet3.practice.CalenderDataProviderObject -->
