<?xml version="1.0" encoding="UTF-8"?>
<!-- Generated by org.testng.reporters.JUnitReportReporter -->
<testsuite hostname="sunny-PC" failures="0" tests="1" name="com.sdet3.practice.DebugTest" time="0.039" errors="0" timestamp="2021-12-21T17:56:39 IST" skipped="0">
  <testcase classname="com.sdet3.practice.DebugTest" name="reverse" time="0.039"/>
  <system-out/>
</testsuite> <!-- com.sdet3.practice.DebugTest -->
