<?xml version="1.0" encoding="UTF-8"?>
<!-- Generated by org.testng.reporters.JUnitReportReporter -->
<testsuite hostname="sunny-PC" failures="0" tests="1" name="com.Vtiger.TC.TC003_CreateContactWithOrganisationTest" time="136.085" errors="0" timestamp="2021-12-16T13:41:05 IST" skipped="0">
  <testcase classname="com.Vtiger.TC.TC003_CreateContactWithOrganisationTest" name="CreateOrgWithCntact" time="136.085"/>
  <system-out/>
</testsuite> <!-- com.Vtiger.TC.TC003_CreateContactWithOrganisationTest -->
