<?xml version="1.0" encoding="UTF-8"?>
<!-- Generated by org.testng.reporters.JUnitReportReporter -->
<testsuite hostname="sunny-PC" failures="0" tests="1" name="com.sdet3.practice.WebTableTest" time="74.523" errors="0" timestamp="2021-12-22T17:23:10 IST" skipped="0">
  <testcase classname="com.sdet3.practice.WebTableTest" name="clickAllCheckBox" time="74.523"/>
  <system-out/>
</testsuite> <!-- com.sdet3.practice.WebTableTest -->
