<?xml version="1.0" encoding="UTF-8"?>
<!-- Generated by org.testng.reporters.JUnitReportReporter -->
<testsuite hostname="sunny-PC" failures="0" tests="1" name="com.sdet3.practice.BlueStonePrice" time="43.229" errors="0" timestamp="2021-12-22T11:45:06 IST" skipped="0">
  <testcase classname="com.sdet3.practice.BlueStonePrice" name="priceTest" time="43.229"/>
  <system-out/>
</testsuite> <!-- com.sdet3.practice.BlueStonePrice -->
