<?xml version="1.0" encoding="UTF-8"?>
<!-- Generated by org.testng.reporters.JUnitReportReporter -->
<testsuite hostname="sunny-PC" failures="0" tests="1" name="JDBC.practice.ExecuteQueryTest" time="1.619" errors="0" timestamp="2021-12-07T13:00:35 IST" skipped="0">
  <testcase classname="JDBC.practice.ExecuteQueryTest" name="excQueryTest" time="1.619"/>
  <system-out/>
</testsuite> <!-- JDBC.practice.ExecuteQueryTest -->
