<?xml version="1.0" encoding="UTF-8"?>
<!-- Generated by org.testng.reporters.JUnitReportReporter -->
<testsuite hostname="sunny-PC" failures="0" tests="1" name="JDBC.practice.ExecuteUpdateTest" time="1.661" errors="0" timestamp="2021-12-07T13:26:28 IST" skipped="0">
  <testcase classname="JDBC.practice.ExecuteUpdateTest" name="exeUpdateTest" time="1.661"/>
  <system-out/>
</testsuite> <!-- JDBC.practice.ExecuteUpdateTest -->
