<?xml version="1.0" encoding="UTF-8"?>
<!-- Generated by org.testng.reporters.JUnitReportReporter -->
<testsuite hostname="sunny-PC" failures="0" tests="1" name="com.Vtiger.TC.TC001_CreateOrganisationTest" time="152.209" errors="0" timestamp="2021-12-16T11:32:13 IST" skipped="0">
  <testcase classname="com.Vtiger.TC.TC001_CreateOrganisationTest" name="OrgnameWithNum" time="152.209"/>
  <system-out/>
</testsuite> <!-- com.Vtiger.TC.TC001_CreateOrganisationTest -->
