<?xml version="1.0" encoding="UTF-8"?>
<!-- Generated by org.testng.reporters.JUnitReportReporter -->
<testsuite hostname="sunny-PC" failures="0" tests="1" name="com.sdet3.practice.CommandLineTest" time="61.019" errors="0" timestamp="2021-12-10T12:16:27 IST" skipped="0">
  <testcase classname="com.sdet3.practice.CommandLineTest" name="commandLineParameter" time="61.019"/>
  <system-out/>
</testsuite> <!-- com.sdet3.practice.CommandLineTest -->
