<?xml version="1.0" encoding="UTF-8"?>
<!-- Generated by org.testng.reporters.JUnitReportReporter -->
<testsuite hostname="sunny-PC" failures="0" tests="4" name="com.sdet3.practice.DataProvider" time="0.048" errors="0" timestamp="2021-12-09T12:32:39 IST" skipped="0">
  <testcase classname="com.sdet3.practice.DataProvider" name="print" time="0.032"/>
  <system-out/>
  <testcase classname="com.sdet3.practice.DataProvider" name="print" time="0.005"/>
  <system-out/>
  <testcase classname="com.sdet3.practice.DataProvider" name="print" time="0.007"/>
  <system-out/>
  <testcase classname="com.sdet3.practice.DataProvider" name="print" time="0.004"/>
  <system-out/>
</testsuite> <!-- com.sdet3.practice.DataProvider -->
