<?xml version="1.0" encoding="UTF-8"?>
<!-- Generated by org.testng.reporters.JUnitReportReporter -->
<testsuite hostname="sunny-PC" failures="0" tests="1" name="com.Vtiger.TC.TC002_CreateOrganisationDDTest" time="133.204" errors="0" timestamp="2021-12-16T16:03:53 IST" skipped="0">
  <testcase classname="com.Vtiger.TC.TC002_CreateOrganisationDDTest" name="createOrgWithDD" time="133.204"/>
  <system-out/>
</testsuite> <!-- com.Vtiger.TC.TC002_CreateOrganisationDDTest -->
