<?xml version="1.0" encoding="UTF-8"?>
<!-- Generated by org.testng.reporters.JUnitReportReporter -->
<testsuite hostname="sunny-PC" failures="0" tests="1" name="com.sdet3.practice.WebTableICCTest" time="39.664" errors="0" timestamp="2021-12-22T23:19:00 IST" skipped="0">
  <testcase classname="com.sdet3.practice.WebTableICCTest" name="pointsTeamName" time="39.664"/>
  <system-out/>
</testsuite> <!-- com.sdet3.practice.WebTableICCTest -->
